Start testing: Jul 07 14:05 CEST
----------------------------------------------------------
1/3 Testing: test_AIUT
1/3 Test: test_AIUT
Command: "/bin/sh" "/home/ritankar/gr-AIUT/build/lib/test_AIUT_test.sh"
Directory: /home/ritankar/gr-AIUT/build/lib
"test_AIUT" start time: Jul 07 14:05 CEST
Output:
----------------------------------------------------------


<end of output>
Test time =   0.00 sec
----------------------------------------------------------
Test Passed.
"test_AIUT" end time: Jul 07 14:05 CEST
"test_AIUT" time elapsed: 00:00:00
----------------------------------------------------------

2/3 Testing: qa_square_ff
2/3 Test: qa_square_ff
Command: "/bin/sh" "/home/ritankar/gr-AIUT/build/python/qa_square_ff_test.sh"
Directory: /home/ritankar/gr-AIUT/build/python
"qa_square_ff" start time: Jul 07 14:05 CEST
Output:
----------------------------------------------------------
.
----------------------------------------------------------------------
Ran 1 test in 0.001s

OK
<end of output>
Test time =   0.13 sec
----------------------------------------------------------
Test Passed.
"qa_square_ff" end time: Jul 07 14:05 CEST
"qa_square_ff" time elapsed: 00:00:00
----------------------------------------------------------

3/3 Testing: qa_my_qpsk_demod_cb
3/3 Test: qa_my_qpsk_demod_cb
Command: "/bin/sh" "/home/ritankar/gr-AIUT/build/python/qa_my_qpsk_demod_cb_test.sh"
Directory: /home/ritankar/gr-AIUT/build/python
"qa_my_qpsk_demod_cb" start time: Jul 07 14:05 CEST
Output:
----------------------------------------------------------
..
----------------------------------------------------------------------
Ran 2 tests in 0.003s

OK
<end of output>
Test time =   0.13 sec
----------------------------------------------------------
Test Passed.
"qa_my_qpsk_demod_cb" end time: Jul 07 14:05 CEST
"qa_my_qpsk_demod_cb" time elapsed: 00:00:00
----------------------------------------------------------

End testing: Jul 07 14:05 CEST
